<?xml version="1.0" encoding="UTF-8"?>
<!-- Generated by org.testng.reporters.JUnitReportReporter -->
<testsuite skipped="0" hostname="nitinpw10" name="testng.pomtest.files.RediffLoginTest" tests="2" failures="0" timestamp="2020-01-28T14:43:19 IST" time="0.003" errors="0">
  <testcase name="loginCheck" time="0.003" classname="testng.pomtest.files.RediffLoginTest"/>
  <system-out/>
  <testcase name="loginCheck2" time="0.000" classname="testng.pomtest.files.RediffLoginTest"/>
  <system-out/>
</testsuite> <!-- testng.pomtest.files.RediffLoginTest -->
